<?xml version="1.0" encoding="UTF-8"?>
<!-- Generated by org.testng.reporters.JUnitReportReporter -->
<testsuite skipped="0" hostname="ip-172-31-80-97" name="restAPI.DeleteRequest" tests="1" failures="0" timestamp="02 Dec 2021 18:01:17 GMT" time="1.151" errors="0">
  <testcase name="GetCall" time="1.151" classname="restAPI.DeleteRequest"/>
</testsuite> <!-- restAPI.DeleteRequest -->
