<?xml version="1.0" encoding="UTF-8"?>
<!-- Generated by org.testng.reporters.JUnitReportReporter -->
<testsuite skipped="0" hostname="ip-172-31-80-97" name="restAPI.PostCallWithJsonFile" tests="1" failures="0" timestamp="02 Dec 2021 17:47:25 GMT" time="1.697" errors="0">
  <testcase name="PostCall" time="1.697" classname="restAPI.PostCallWithJsonFile"/>
</testsuite> <!-- restAPI.PostCallWithJsonFile -->
