<?xml version="1.0" encoding="UTF-8"?>
<!-- Generated by org.testng.reporters.JUnitReportReporter -->
<testsuite skipped="0" hostname="ip-172-31-80-97" name="restAPI.GetRequestParameter" tests="1" failures="0" timestamp="02 Dec 2021 17:11:33 GMT" time="1.750" errors="0">
  <testcase name="GetCall" time="1.750" classname="restAPI.GetRequestParameter"/>
</testsuite> <!-- restAPI.GetRequestParameter -->
