<?xml version="1.0" encoding="UTF-8"?>
<!-- Generated by org.testng.reporters.JUnitReportReporter -->
<testsuite skipped="0" hostname="ip-172-31-80-97" name="restAPIBDD.PostRequest" tests="1" failures="0" timestamp="03 Dec 2021 03:58:55 GMT" time="1.595" errors="0">
  <testcase name="postcall" time="1.595" classname="restAPIBDD.PostRequest"/>
</testsuite> <!-- restAPIBDD.PostRequest -->
