<?xml version="1.0" encoding="UTF-8"?>
<!-- Generated by org.testng.reporters.JUnitReportReporter -->
<testsuite skipped="0" hostname="ip-172-31-80-97" name="restAPIBDD.GetRequest" tests="1" failures="0" timestamp="03 Dec 2021 03:46:51 GMT" time="2.078" errors="0">
  <testcase name="getcall" time="2.078" classname="restAPIBDD.GetRequest"/>
</testsuite> <!-- restAPIBDD.GetRequest -->
