<?xml version="1.0" encoding="UTF-8"?>
<!-- Generated by org.testng.reporters.JUnitReportReporter -->
<testsuite skipped="0" hostname="ip-172-31-80-97" name="oAuth.OauthRequest" tests="1" failures="0" timestamp="03 Dec 2021 04:31:28 GMT" time="2.397" errors="0">
  <testcase name="Postcall" time="2.397" classname="oAuth.OauthRequest"/>
</testsuite> <!-- oAuth.OauthRequest -->
