<?xml version="1.0" encoding="UTF-8"?>
<!-- Generated by org.testng.reporters.JUnitReportReporter -->
<testsuite skipped="0" hostname="ip-172-31-80-97" name="restAPIBDD.DeleteRequest" tests="1" failures="0" timestamp="03 Dec 2021 04:10:31 GMT" time="1.242" errors="0">
  <testcase name="deletecall" time="1.242" classname="restAPIBDD.DeleteRequest"/>
</testsuite> <!-- restAPIBDD.DeleteRequest -->
