<?xml version="1.0" encoding="UTF-8"?>
<!-- Generated by org.testng.reporters.JUnitReportReporter -->
<testsuite skipped="0" hostname="ip-172-31-80-97" name="restApiChaining.EndToEndTest" tests="1" failures="0" timestamp="02 Dec 2021 18:36:35 GMT" time="2.065" errors="0">
  <testcase name="test1" time="2.065" classname="restApiChaining.EndToEndTest"/>
</testsuite> <!-- restApiChaining.EndToEndTest -->
